\BOOKMARK [0][-]{chapter.1}{\376\377\000I\000n\000s\000t\000a\000l\000l\000a\000t\000i\000o\000n}{}% 1
\BOOKMARK [1][-]{section.1.1}{\376\377\000a\000i\000s\000q\000u\000a\000r\000e\000d}{chapter.1}% 2
\BOOKMARK [2][-]{subsection.1.1.1}{\376\377\000a\000i\000s\000q\000u\000a\000r\000e\000d\000\040\000p\000a\000c\000k\000a\000g\000e}{section.1.1}% 3
\BOOKMARK [3][-]{subsubsection.1.1.1.1}{\376\377\000S\000u\000b\000p\000a\000c\000k\000a\000g\000e\000s}{subsection.1.1.1}% 4
\BOOKMARK [4][-]{paragraph*.3}{\376\377\000a\000i\000s\000q\000u\000a\000r\000e\000d\000.\000b\000a\000s\000e\000\040\000p\000a\000c\000k\000a\000g\000e}{subsubsection.1.1.1.1}% 5
\BOOKMARK [5][-]{subparagraph*.4}{\376\377\000S\000u\000b\000m\000o\000d\000u\000l\000e\000s}{paragraph*.3}% 6
\BOOKMARK [5][-]{subparagraph*.5}{\376\377\000a\000i\000s\000q\000u\000a\000r\000e\000d\000.\000b\000a\000s\000e\000.\000B\000a\000s\000e\000O\000b\000j\000e\000c\000t\000\040\000m\000o\000d\000u\000l\000e}{paragraph*.3}% 7
\BOOKMARK [5][-]{subparagraph*.9}{\376\377\000a\000i\000s\000q\000u\000a\000r\000e\000d\000.\000b\000a\000s\000e\000.\000c\000s\000s\000\040\000m\000o\000d\000u\000l\000e}{paragraph*.3}% 8
\BOOKMARK [5][-]{subparagraph*.10}{\376\377\000a\000i\000s\000q\000u\000a\000r\000e\000d\000.\000b\000a\000s\000e\000.\000e\000n\000d\000p\000o\000i\000n\000t\000s\000\040\000m\000o\000d\000u\000l\000e}{paragraph*.3}% 9
\BOOKMARK [5][-]{subparagraph*.11}{\376\377\000a\000i\000s\000q\000u\000a\000r\000e\000d\000.\000b\000a\000s\000e\000.\000h\000a\000r\000v\000e\000s\000t\000i\000n\000g\000\040\000m\000o\000d\000u\000l\000e}{paragraph*.3}% 10
\BOOKMARK [5][-]{subparagraph*.12}{\376\377\000a\000i\000s\000q\000u\000a\000r\000e\000d\000.\000b\000a\000s\000e\000.\000p\000l\000a\000t\000f\000o\000r\000m\000\040\000m\000o\000d\000u\000l\000e}{paragraph*.3}% 11
\BOOKMARK [5][-]{subparagraph*.13}{\376\377\000a\000i\000s\000q\000u\000a\000r\000e\000d\000.\000b\000a\000s\000e\000.\000p\000r\000e\000p\000r\000o\000c\000e\000s\000s\000i\000n\000g\000\040\000m\000o\000d\000u\000l\000e}{paragraph*.3}% 12
\BOOKMARK [5][-]{subparagraph*.14}{\376\377\000a\000i\000s\000q\000u\000a\000r\000e\000d\000.\000b\000a\000s\000e\000.\000r\000e\000n\000d\000e\000r\000i\000n\000g\000\040\000m\000o\000d\000u\000l\000e}{paragraph*.3}% 13
\BOOKMARK [5][-]{subparagraph*.15}{\376\377\000a\000i\000s\000q\000u\000a\000r\000e\000d\000.\000b\000a\000s\000e\000.\000s\000t\000a\000g\000e\000s\000\040\000m\000o\000d\000u\000l\000e}{paragraph*.3}% 14
\BOOKMARK [5][-]{subparagraph*.16}{\376\377\000M\000o\000d\000u\000l\000e\000\040\000c\000o\000n\000t\000e\000n\000t\000s}{paragraph*.3}% 15
\BOOKMARK [4][-]{paragraph*.17}{\376\377\000a\000i\000s\000q\000u\000a\000r\000e\000d\000.\000c\000o\000n\000f\000i\000g\000\040\000p\000a\000c\000k\000a\000g\000e}{subsubsection.1.1.1.1}% 16
\BOOKMARK [5][-]{subparagraph*.18}{\376\377\000S\000u\000b\000p\000a\000c\000k\000a\000g\000e\000s}{paragraph*.17}% 17
\BOOKMARK [5][-]{subparagraph*.19}{\376\377\000a\000i\000s\000q\000u\000a\000r\000e\000d\000.\000c\000o\000n\000f\000i\000g\000.\000a\000n\000a\000l\000y\000t\000i\000c\000\040\000p\000a\000c\000k\000a\000g\000e}{paragraph*.17}% 18
\BOOKMARK [5][-]{subparagraph*.20}{\376\377\000S\000u\000b\000m\000o\000d\000u\000l\000e\000s}{paragraph*.17}% 19
\BOOKMARK [5][-]{subparagraph*.21}{\376\377\000a\000i\000s\000q\000u\000a\000r\000e\000d\000.\000c\000o\000n\000f\000i\000g\000.\000a\000n\000a\000l\000y\000t\000i\000c\000.\000D\000e\000p\000l\000o\000y\000e\000d\000A\000n\000a\000l\000y\000t\000i\000c\000\040\000m\000o\000d\000u\000l\000e}{paragraph*.17}% 20
\BOOKMARK [5][-]{subparagraph*.30}{\376\377\000a\000i\000s\000q\000u\000a\000r\000e\000d\000.\000c\000o\000n\000f\000i\000g\000.\000a\000n\000a\000l\000y\000t\000i\000c\000.\000D\000e\000p\000l\000o\000y\000e\000d\000M\000o\000d\000e\000l\000\040\000m\000o\000d\000u\000l\000e}{paragraph*.17}% 21
\BOOKMARK [5][-]{subparagraph*.40}{\376\377\000a\000i\000s\000q\000u\000a\000r\000e\000d\000.\000c\000o\000n\000f\000i\000g\000.\000a\000n\000a\000l\000y\000t\000i\000c\000.\000L\000o\000c\000a\000l\000A\000n\000a\000l\000y\000t\000i\000c\000\040\000m\000o\000d\000u\000l\000e}{paragraph*.17}% 22
\BOOKMARK [5][-]{subparagraph*.46}{\376\377\000a\000i\000s\000q\000u\000a\000r\000e\000d\000.\000c\000o\000n\000f\000i\000g\000.\000a\000n\000a\000l\000y\000t\000i\000c\000.\000L\000o\000c\000a\000l\000M\000o\000d\000e\000l\000\040\000m\000o\000d\000u\000l\000e}{paragraph*.17}% 23
\BOOKMARK [5][-]{subparagraph*.51}{\376\377\000a\000i\000s\000q\000u\000a\000r\000e\000d\000.\000c\000o\000n\000f\000i\000g\000.\000a\000n\000a\000l\000y\000t\000i\000c\000.\000R\000e\000v\000e\000r\000s\000e\000M\000L\000W\000o\000r\000k\000f\000l\000o\000w\000\040\000m\000o\000d\000u\000l\000e}{paragraph*.17}% 24
\BOOKMARK [5][-]{subparagraph*.54}{\376\377\000M\000o\000d\000u\000l\000e\000\040\000c\000o\000n\000t\000e\000n\000t\000s}{paragraph*.17}% 25
\BOOKMARK [5][-]{subparagraph*.55}{\376\377\000a\000i\000s\000q\000u\000a\000r\000e\000d\000.\000c\000o\000n\000f\000i\000g\000.\000f\000e\000e\000d\000b\000a\000c\000k\000\040\000p\000a\000c\000k\000a\000g\000e}{paragraph*.17}% 26
\BOOKMARK [5][-]{subparagraph*.56}{\376\377\000S\000u\000b\000m\000o\000d\000u\000l\000e\000s}{paragraph*.17}% 27
\BOOKMARK [5][-]{subparagraph*.57}{\376\377\000a\000i\000s\000q\000u\000a\000r\000e\000d\000.\000c\000o\000n\000f\000i\000g\000.\000f\000e\000e\000d\000b\000a\000c\000k\000.\000B\000i\000n\000a\000r\000y\000F\000e\000e\000d\000b\000a\000c\000k\000\040\000m\000o\000d\000u\000l\000e}{paragraph*.17}% 28
\BOOKMARK [5][-]{subparagraph*.61}{\376\377\000a\000i\000s\000q\000u\000a\000r\000e\000d\000.\000c\000o\000n\000f\000i\000g\000.\000f\000e\000e\000d\000b\000a\000c\000k\000.\000M\000o\000d\000e\000l\000F\000e\000e\000d\000b\000a\000c\000k\000\040\000m\000o\000d\000u\000l\000e}{paragraph*.17}% 29
\BOOKMARK [5][-]{subparagraph*.65}{\376\377\000a\000i\000s\000q\000u\000a\000r\000e\000d\000.\000c\000o\000n\000f\000i\000g\000.\000f\000e\000e\000d\000b\000a\000c\000k\000.\000M\000u\000l\000t\000i\000c\000l\000a\000s\000s\000F\000e\000e\000d\000b\000a\000c\000k\000\040\000m\000o\000d\000u\000l\000e}{paragraph*.17}% 30
\BOOKMARK [5][-]{subparagraph*.69}{\376\377\000a\000i\000s\000q\000u\000a\000r\000e\000d\000.\000c\000o\000n\000f\000i\000g\000.\000f\000e\000e\000d\000b\000a\000c\000k\000.\000Q\000u\000a\000l\000i\000t\000a\000t\000i\000v\000e\000F\000e\000e\000d\000b\000a\000c\000k\000\040\000m\000o\000d\000u\000l\000e}{paragraph*.17}% 31
\BOOKMARK [5][-]{subparagraph*.73}{\376\377\000a\000i\000s\000q\000u\000a\000r\000e\000d\000.\000c\000o\000n\000f\000i\000g\000.\000f\000e\000e\000d\000b\000a\000c\000k\000.\000R\000e\000g\000r\000e\000s\000s\000i\000o\000n\000F\000e\000e\000d\000b\000a\000c\000k\000\040\000m\000o\000d\000u\000l\000e}{paragraph*.17}% 32
\BOOKMARK [5][-]{subparagraph*.76}{\376\377\000a\000i\000s\000q\000u\000a\000r\000e\000d\000.\000c\000o\000n\000f\000i\000g\000.\000f\000e\000e\000d\000b\000a\000c\000k\000.\000S\000i\000m\000p\000l\000e\000F\000e\000e\000d\000b\000a\000c\000k\000\040\000m\000o\000d\000u\000l\000e}{paragraph*.17}% 33
\BOOKMARK [5][-]{subparagraph*.79}{\376\377\000M\000o\000d\000u\000l\000e\000\040\000c\000o\000n\000t\000e\000n\000t\000s}{paragraph*.17}% 34
\BOOKMARK [5][-]{subparagraph*.80}{\376\377\000a\000i\000s\000q\000u\000a\000r\000e\000d\000.\000c\000o\000n\000f\000i\000g\000.\000h\000a\000r\000v\000e\000s\000t\000i\000n\000g\000\040\000p\000a\000c\000k\000a\000g\000e}{paragraph*.17}% 35
\BOOKMARK [5][-]{subparagraph*.81}{\376\377\000S\000u\000b\000m\000o\000d\000u\000l\000e\000s}{paragraph*.17}% 36
\BOOKMARK [5][-]{subparagraph*.82}{\376\377\000a\000i\000s\000q\000u\000a\000r\000e\000d\000.\000c\000o\000n\000f\000i\000g\000.\000h\000a\000r\000v\000e\000s\000t\000i\000n\000g\000.\000C\000h\000a\000t\000b\000o\000t\000H\000a\000r\000v\000e\000s\000t\000e\000r\000\040\000m\000o\000d\000u\000l\000e}{paragraph*.17}% 37
\BOOKMARK [5][-]{subparagraph*.85}{\376\377\000a\000i\000s\000q\000u\000a\000r\000e\000d\000.\000c\000o\000n\000f\000i\000g\000.\000h\000a\000r\000v\000e\000s\000t\000i\000n\000g\000.\000I\000m\000a\000g\000e\000H\000a\000r\000v\000e\000s\000t\000e\000r\000\040\000m\000o\000d\000u\000l\000e}{paragraph*.17}% 38
\BOOKMARK [5][-]{subparagraph*.89}{\376\377\000a\000i\000s\000q\000u\000a\000r\000e\000d\000.\000c\000o\000n\000f\000i\000g\000.\000h\000a\000r\000v\000e\000s\000t\000i\000n\000g\000.\000I\000n\000p\000u\000t\000H\000a\000r\000v\000e\000s\000t\000e\000r\000\040\000m\000o\000d\000u\000l\000e}{paragraph*.17}% 39
\BOOKMARK [5][-]{subparagraph*.95}{\376\377\000a\000i\000s\000q\000u\000a\000r\000e\000d\000.\000c\000o\000n\000f\000i\000g\000.\000h\000a\000r\000v\000e\000s\000t\000i\000n\000g\000.\000Q\000u\000e\000r\000y\000P\000a\000r\000a\000m\000e\000t\000e\000r\000H\000a\000r\000v\000e\000s\000t\000e\000r\000\040\000m\000o\000d\000u\000l\000e}{paragraph*.17}% 40
\BOOKMARK [5][-]{subparagraph*.101}{\376\377\000a\000i\000s\000q\000u\000a\000r\000e\000d\000.\000c\000o\000n\000f\000i\000g\000.\000h\000a\000r\000v\000e\000s\000t\000i\000n\000g\000.\000T\000e\000x\000t\000H\000a\000r\000v\000e\000s\000t\000e\000r\000\040\000m\000o\000d\000u\000l\000e}{paragraph*.17}% 41
\BOOKMARK [5][-]{subparagraph*.109}{\376\377\000M\000o\000d\000u\000l\000e\000\040\000c\000o\000n\000t\000e\000n\000t\000s}{paragraph*.17}% 42
\BOOKMARK [5][-]{subparagraph*.110}{\376\377\000a\000i\000s\000q\000u\000a\000r\000e\000d\000.\000c\000o\000n\000f\000i\000g\000.\000p\000o\000s\000t\000p\000r\000o\000c\000e\000s\000s\000i\000n\000g\000\040\000p\000a\000c\000k\000a\000g\000e}{paragraph*.17}% 43
\BOOKMARK [5][-]{subparagraph*.111}{\376\377\000S\000u\000b\000m\000o\000d\000u\000l\000e\000s}{paragraph*.17}% 44
\BOOKMARK [5][-]{subparagraph*.112}{\376\377\000a\000i\000s\000q\000u\000a\000r\000e\000d\000.\000c\000o\000n\000f\000i\000g\000.\000p\000o\000s\000t\000p\000r\000o\000c\000e\000s\000s\000i\000n\000g\000.\000B\000i\000n\000a\000r\000y\000C\000l\000a\000s\000s\000i\000f\000i\000c\000a\000t\000i\000o\000n\000\040\000m\000o\000d\000u\000l\000e}{paragraph*.17}% 45
\BOOKMARK [5][-]{subparagraph*.117}{\376\377\000a\000i\000s\000q\000u\000a\000r\000e\000d\000.\000c\000o\000n\000f\000i\000g\000.\000p\000o\000s\000t\000p\000r\000o\000c\000e\000s\000s\000i\000n\000g\000.\000M\000u\000l\000t\000i\000c\000l\000a\000s\000s\000C\000l\000a\000s\000s\000i\000f\000i\000c\000a\000t\000i\000o\000n\000\040\000m\000o\000d\000u\000l\000e}{paragraph*.17}% 46
\BOOKMARK [5][-]{subparagraph*.121}{\376\377\000a\000i\000s\000q\000u\000a\000r\000e\000d\000.\000c\000o\000n\000f\000i\000g\000.\000p\000o\000s\000t\000p\000r\000o\000c\000e\000s\000s\000i\000n\000g\000.\000O\000b\000j\000e\000c\000t\000D\000e\000t\000e\000c\000t\000i\000o\000n\000\040\000m\000o\000d\000u\000l\000e}{paragraph*.17}% 47
\BOOKMARK [5][-]{subparagraph*.126}{\376\377\000a\000i\000s\000q\000u\000a\000r\000e\000d\000.\000c\000o\000n\000f\000i\000g\000.\000p\000o\000s\000t\000p\000r\000o\000c\000e\000s\000s\000i\000n\000g\000.\000R\000e\000g\000r\000e\000s\000s\000i\000o\000n\000\040\000m\000o\000d\000u\000l\000e}{paragraph*.17}% 48
\BOOKMARK [5][-]{subparagraph*.132}{\376\377\000M\000o\000d\000u\000l\000e\000\040\000c\000o\000n\000t\000e\000n\000t\000s}{paragraph*.17}% 49
\BOOKMARK [5][-]{subparagraph*.133}{\376\377\000a\000i\000s\000q\000u\000a\000r\000e\000d\000.\000c\000o\000n\000f\000i\000g\000.\000p\000r\000e\000p\000r\000o\000c\000e\000s\000s\000i\000n\000g\000\040\000p\000a\000c\000k\000a\000g\000e}{paragraph*.17}% 50
\BOOKMARK [5][-]{subparagraph*.134}{\376\377\000S\000u\000b\000p\000a\000c\000k\000a\000g\000e\000s}{paragraph*.17}% 51
\BOOKMARK [5][-]{subparagraph*.135}{\376\377\000a\000i\000s\000q\000u\000a\000r\000e\000d\000.\000c\000o\000n\000f\000i\000g\000.\000p\000r\000e\000p\000r\000o\000c\000e\000s\000s\000i\000n\000g\000.\000i\000m\000a\000g\000e\000\040\000p\000a\000c\000k\000a\000g\000e}{paragraph*.17}% 52
\BOOKMARK [5][-]{subparagraph*.136}{\376\377\000S\000u\000b\000m\000o\000d\000u\000l\000e\000s}{paragraph*.17}% 53
\BOOKMARK [5][-]{subparagraph*.137}{\376\377\000a\000i\000s\000q\000u\000a\000r\000e\000d\000.\000c\000o\000n\000f\000i\000g\000.\000p\000r\000e\000p\000r\000o\000c\000e\000s\000s\000i\000n\000g\000.\000i\000m\000a\000g\000e\000.\000I\000m\000a\000g\000e\000P\000r\000e\000p\000r\000o\000c\000e\000s\000s\000i\000n\000g\000\040\000m\000o\000d\000u\000l\000e}{paragraph*.17}% 54
\BOOKMARK [5][-]{subparagraph*.142}{\376\377\000a\000i\000s\000q\000u\000a\000r\000e\000d\000.\000c\000o\000n\000f\000i\000g\000.\000p\000r\000e\000p\000r\000o\000c\000e\000s\000s\000i\000n\000g\000.\000i\000m\000a\000g\000e\000.\000S\000t\000e\000p\000s\000\040\000m\000o\000d\000u\000l\000e}{paragraph*.17}% 55
\BOOKMARK [5][-]{subparagraph*.163}{\376\377\000M\000o\000d\000u\000l\000e\000\040\000c\000o\000n\000t\000e\000n\000t\000s}{paragraph*.17}% 56
\BOOKMARK [5][-]{subparagraph*.164}{\376\377\000a\000i\000s\000q\000u\000a\000r\000e\000d\000.\000c\000o\000n\000f\000i\000g\000.\000p\000r\000e\000p\000r\000o\000c\000e\000s\000s\000i\000n\000g\000.\000t\000a\000b\000u\000l\000a\000r\000\040\000p\000a\000c\000k\000a\000g\000e}{paragraph*.17}% 57
\BOOKMARK [5][-]{subparagraph*.165}{\376\377\000S\000u\000b\000m\000o\000d\000u\000l\000e\000s}{paragraph*.17}% 58
\BOOKMARK [5][-]{subparagraph*.166}{\376\377\000a\000i\000s\000q\000u\000a\000r\000e\000d\000.\000c\000o\000n\000f\000i\000g\000.\000p\000r\000e\000p\000r\000o\000c\000e\000s\000s\000i\000n\000g\000.\000t\000a\000b\000u\000l\000a\000r\000.\000S\000t\000e\000p\000s\000\040\000m\000o\000d\000u\000l\000e}{paragraph*.17}% 59
\BOOKMARK [5][-]{subparagraph*.184}{\376\377\000a\000i\000s\000q\000u\000a\000r\000e\000d\000.\000c\000o\000n\000f\000i\000g\000.\000p\000r\000e\000p\000r\000o\000c\000e\000s\000s\000i\000n\000g\000.\000t\000a\000b\000u\000l\000a\000r\000.\000T\000a\000b\000u\000l\000a\000r\000P\000r\000e\000p\000r\000o\000c\000e\000s\000s\000i\000n\000g\000\040\000m\000o\000d\000u\000l\000e}{paragraph*.17}% 60
\BOOKMARK [5][-]{subparagraph*.188}{\376\377\000M\000o\000d\000u\000l\000e\000\040\000c\000o\000n\000t\000e\000n\000t\000s}{paragraph*.17}% 61
\BOOKMARK [5][-]{subparagraph*.189}{\376\377\000a\000i\000s\000q\000u\000a\000r\000e\000d\000.\000c\000o\000n\000f\000i\000g\000.\000p\000r\000e\000p\000r\000o\000c\000e\000s\000s\000i\000n\000g\000.\000t\000e\000x\000t\000\040\000p\000a\000c\000k\000a\000g\000e}{paragraph*.17}% 62
\BOOKMARK [5][-]{subparagraph*.190}{\376\377\000S\000u\000b\000m\000o\000d\000u\000l\000e\000s}{paragraph*.17}% 63
\BOOKMARK [5][-]{subparagraph*.191}{\376\377\000a\000i\000s\000q\000u\000a\000r\000e\000d\000.\000c\000o\000n\000f\000i\000g\000.\000p\000r\000e\000p\000r\000o\000c\000e\000s\000s\000i\000n\000g\000.\000t\000e\000x\000t\000.\000S\000t\000e\000p\000s\000\040\000m\000o\000d\000u\000l\000e}{paragraph*.17}% 64
\BOOKMARK [5][-]{subparagraph*.218}{\376\377\000a\000i\000s\000q\000u\000a\000r\000e\000d\000.\000c\000o\000n\000f\000i\000g\000.\000p\000r\000e\000p\000r\000o\000c\000e\000s\000s\000i\000n\000g\000.\000t\000e\000x\000t\000.\000T\000e\000x\000t\000P\000r\000e\000p\000r\000o\000c\000e\000s\000s\000i\000n\000g\000\040\000m\000o\000d\000u\000l\000e}{paragraph*.17}% 65
\BOOKMARK [5][-]{subparagraph*.223}{\376\377\000M\000o\000d\000u\000l\000e\000\040\000c\000o\000n\000t\000e\000n\000t\000s}{paragraph*.17}% 66
\BOOKMARK [5][-]{subparagraph*.224}{\376\377\000M\000o\000d\000u\000l\000e\000\040\000c\000o\000n\000t\000e\000n\000t\000s}{paragraph*.17}% 67
\BOOKMARK [5][-]{subparagraph*.225}{\376\377\000a\000i\000s\000q\000u\000a\000r\000e\000d\000.\000c\000o\000n\000f\000i\000g\000.\000r\000e\000n\000d\000e\000r\000i\000n\000g\000\040\000p\000a\000c\000k\000a\000g\000e}{paragraph*.17}% 68
\BOOKMARK [5][-]{subparagraph*.226}{\376\377\000S\000u\000b\000m\000o\000d\000u\000l\000e\000s}{paragraph*.17}% 69
\BOOKMARK [5][-]{subparagraph*.227}{\376\377\000a\000i\000s\000q\000u\000a\000r\000e\000d\000.\000c\000o\000n\000f\000i\000g\000.\000r\000e\000n\000d\000e\000r\000i\000n\000g\000.\000B\000a\000r\000C\000h\000a\000r\000t\000R\000e\000n\000d\000e\000r\000i\000n\000g\000\040\000m\000o\000d\000u\000l\000e}{paragraph*.17}% 70
\BOOKMARK [5][-]{subparagraph*.230}{\376\377\000a\000i\000s\000q\000u\000a\000r\000e\000d\000.\000c\000o\000n\000f\000i\000g\000.\000r\000e\000n\000d\000e\000r\000i\000n\000g\000.\000C\000h\000a\000t\000R\000e\000n\000d\000e\000r\000i\000n\000g\000\040\000m\000o\000d\000u\000l\000e}{paragraph*.17}% 71
\BOOKMARK [5][-]{subparagraph*.237}{\376\377\000a\000i\000s\000q\000u\000a\000r\000e\000d\000.\000c\000o\000n\000f\000i\000g\000.\000r\000e\000n\000d\000e\000r\000i\000n\000g\000.\000C\000o\000n\000t\000a\000i\000n\000e\000r\000R\000e\000n\000d\000e\000r\000i\000n\000g\000\040\000m\000o\000d\000u\000l\000e}{paragraph*.17}% 72
\BOOKMARK [5][-]{subparagraph*.251}{\376\377\000a\000i\000s\000q\000u\000a\000r\000e\000d\000.\000c\000o\000n\000f\000i\000g\000.\000r\000e\000n\000d\000e\000r\000i\000n\000g\000.\000C\000u\000s\000t\000o\000m\000R\000e\000n\000d\000e\000r\000i\000n\000g\000\040\000m\000o\000d\000u\000l\000e}{paragraph*.17}% 73
\BOOKMARK [5][-]{subparagraph*.259}{\376\377\000a\000i\000s\000q\000u\000a\000r\000e\000d\000.\000c\000o\000n\000f\000i\000g\000.\000r\000e\000n\000d\000e\000r\000i\000n\000g\000.\000D\000a\000s\000h\000b\000o\000a\000r\000d\000R\000e\000n\000d\000e\000r\000i\000n\000g\000\040\000m\000o\000d\000u\000l\000e}{paragraph*.17}% 74
\BOOKMARK [5][-]{subparagraph*.270}{\376\377\000a\000i\000s\000q\000u\000a\000r\000e\000d\000.\000c\000o\000n\000f\000i\000g\000.\000r\000e\000n\000d\000e\000r\000i\000n\000g\000.\000D\000a\000s\000h\000b\000o\000a\000r\000d\000R\000e\000p\000l\000a\000c\000e\000m\000e\000n\000t\000R\000e\000n\000d\000e\000r\000i\000n\000g\000\040\000m\000o\000d\000u\000l\000e}{paragraph*.17}% 75
\BOOKMARK [5][-]{subparagraph*.276}{\376\377\000a\000i\000s\000q\000u\000a\000r\000e\000d\000.\000c\000o\000n\000f\000i\000g\000.\000r\000e\000n\000d\000e\000r\000i\000n\000g\000.\000D\000o\000c\000u\000m\000e\000n\000t\000R\000e\000n\000d\000e\000r\000i\000n\000g\000\040\000m\000o\000d\000u\000l\000e}{paragraph*.17}% 76
\BOOKMARK [5][-]{subparagraph*.288}{\376\377\000a\000i\000s\000q\000u\000a\000r\000e\000d\000.\000c\000o\000n\000f\000i\000g\000.\000r\000e\000n\000d\000e\000r\000i\000n\000g\000.\000D\000o\000u\000g\000h\000n\000u\000t\000C\000h\000a\000r\000t\000R\000e\000n\000d\000e\000r\000i\000n\000g\000\040\000m\000o\000d\000u\000l\000e}{paragraph*.17}% 77
\BOOKMARK [5][-]{subparagraph*.291}{\376\377\000a\000i\000s\000q\000u\000a\000r\000e\000d\000.\000c\000o\000n\000f\000i\000g\000.\000r\000e\000n\000d\000e\000r\000i\000n\000g\000.\000F\000i\000l\000t\000e\000r\000R\000e\000n\000d\000e\000r\000i\000n\000g\000\040\000m\000o\000d\000u\000l\000e}{paragraph*.17}% 78
\BOOKMARK [5][-]{subparagraph*.298}{\376\377\000a\000i\000s\000q\000u\000a\000r\000e\000d\000.\000c\000o\000n\000f\000i\000g\000.\000r\000e\000n\000d\000e\000r\000i\000n\000g\000.\000H\000T\000M\000L\000T\000a\000g\000R\000e\000n\000d\000e\000r\000i\000n\000g\000\040\000m\000o\000d\000u\000l\000e}{paragraph*.17}% 79
\BOOKMARK [5][-]{subparagraph*.301}{\376\377\000a\000i\000s\000q\000u\000a\000r\000e\000d\000.\000c\000o\000n\000f\000i\000g\000.\000r\000e\000n\000d\000e\000r\000i\000n\000g\000.\000I\000m\000a\000g\000e\000R\000e\000n\000d\000e\000r\000i\000n\000g\000\040\000m\000o\000d\000u\000l\000e}{paragraph*.17}% 80
\BOOKMARK [5][-]{subparagraph*.314}{\376\377\000a\000i\000s\000q\000u\000a\000r\000e\000d\000.\000c\000o\000n\000f\000i\000g\000.\000r\000e\000n\000d\000e\000r\000i\000n\000g\000.\000L\000i\000n\000e\000C\000h\000a\000r\000t\000R\000e\000n\000d\000e\000r\000i\000n\000g\000\040\000m\000o\000d\000u\000l\000e}{paragraph*.17}% 81
\BOOKMARK [5][-]{subparagraph*.317}{\376\377\000a\000i\000s\000q\000u\000a\000r\000e\000d\000.\000c\000o\000n\000f\000i\000g\000.\000r\000e\000n\000d\000e\000r\000i\000n\000g\000.\000O\000b\000j\000e\000c\000t\000R\000e\000n\000d\000e\000r\000i\000n\000g\000\040\000m\000o\000d\000u\000l\000e}{paragraph*.17}% 82
\BOOKMARK [5][-]{subparagraph*.327}{\376\377\000a\000i\000s\000q\000u\000a\000r\000e\000d\000.\000c\000o\000n\000f\000i\000g\000.\000r\000e\000n\000d\000e\000r\000i\000n\000g\000.\000P\000i\000e\000C\000h\000a\000r\000t\000R\000e\000n\000d\000e\000r\000i\000n\000g\000\040\000m\000o\000d\000u\000l\000e}{paragraph*.17}% 83
\BOOKMARK [5][-]{subparagraph*.330}{\376\377\000a\000i\000s\000q\000u\000a\000r\000e\000d\000.\000c\000o\000n\000f\000i\000g\000.\000r\000e\000n\000d\000e\000r\000i\000n\000g\000.\000S\000O\000S\000R\000e\000n\000d\000e\000r\000i\000n\000g\000\040\000m\000o\000d\000u\000l\000e}{paragraph*.17}% 84
\BOOKMARK [5][-]{subparagraph*.335}{\376\377\000a\000i\000s\000q\000u\000a\000r\000e\000d\000.\000c\000o\000n\000f\000i\000g\000.\000r\000e\000n\000d\000e\000r\000i\000n\000g\000.\000T\000a\000b\000l\000e\000R\000e\000n\000d\000e\000r\000i\000n\000g\000\040\000m\000o\000d\000u\000l\000e}{paragraph*.17}% 85
\BOOKMARK [5][-]{subparagraph*.338}{\376\377\000a\000i\000s\000q\000u\000a\000r\000e\000d\000.\000c\000o\000n\000f\000i\000g\000.\000r\000e\000n\000d\000e\000r\000i\000n\000g\000.\000T\000e\000x\000t\000R\000e\000n\000d\000e\000r\000i\000n\000g\000\040\000m\000o\000d\000u\000l\000e}{paragraph*.17}% 86
\BOOKMARK [5][-]{subparagraph*.342}{\376\377\000a\000i\000s\000q\000u\000a\000r\000e\000d\000.\000c\000o\000n\000f\000i\000g\000.\000r\000e\000n\000d\000e\000r\000i\000n\000g\000.\000W\000o\000r\000d\000R\000e\000n\000d\000e\000r\000i\000n\000g\000\040\000m\000o\000d\000u\000l\000e}{paragraph*.17}% 87
\BOOKMARK [5][-]{subparagraph*.354}{\376\377\000a\000i\000s\000q\000u\000a\000r\000e\000d\000.\000c\000o\000n\000f\000i\000g\000.\000r\000e\000n\000d\000e\000r\000i\000n\000g\000.\000u\000t\000i\000l\000s\000\040\000m\000o\000d\000u\000l\000e}{paragraph*.17}% 88
\BOOKMARK [5][-]{subparagraph*.356}{\376\377\000M\000o\000d\000u\000l\000e\000\040\000c\000o\000n\000t\000e\000n\000t\000s}{paragraph*.17}% 89
\BOOKMARK [5][-]{subparagraph*.357}{\376\377\000S\000u\000b\000m\000o\000d\000u\000l\000e\000s}{paragraph*.17}% 90
\BOOKMARK [5][-]{subparagraph*.358}{\376\377\000a\000i\000s\000q\000u\000a\000r\000e\000d\000.\000c\000o\000n\000f\000i\000g\000.\000C\000u\000s\000t\000o\000m\000O\000b\000j\000e\000c\000t\000\040\000m\000o\000d\000u\000l\000e}{paragraph*.17}% 91
\BOOKMARK [5][-]{subparagraph*.361}{\376\377\000a\000i\000s\000q\000u\000a\000r\000e\000d\000.\000c\000o\000n\000f\000i\000g\000.\000G\000r\000a\000p\000h\000C\000o\000n\000f\000i\000g\000u\000r\000a\000t\000i\000o\000n\000\040\000m\000o\000d\000u\000l\000e}{paragraph*.17}% 92
\BOOKMARK [5][-]{subparagraph*.378}{\376\377\000a\000i\000s\000q\000u\000a\000r\000e\000d\000.\000c\000o\000n\000f\000i\000g\000.\000M\000o\000d\000e\000l\000C\000o\000n\000f\000i\000g\000u\000r\000a\000t\000i\000o\000n\000\040\000m\000o\000d\000u\000l\000e}{paragraph*.17}% 93
\BOOKMARK [5][-]{subparagraph*.407}{\376\377\000M\000o\000d\000u\000l\000e\000\040\000c\000o\000n\000t\000e\000n\000t\000s}{paragraph*.17}% 94
\BOOKMARK [4][-]{paragraph*.408}{\376\377\000a\000i\000s\000q\000u\000a\000r\000e\000d\000.\000l\000o\000g\000g\000i\000n\000g\000\040\000p\000a\000c\000k\000a\000g\000e}{subsubsection.1.1.1.1}% 95
\BOOKMARK [5][-]{subparagraph*.409}{\376\377\000M\000o\000d\000u\000l\000e\000\040\000c\000o\000n\000t\000e\000n\000t\000s}{paragraph*.408}% 96
\BOOKMARK [4][-]{paragraph*.410}{\376\377\000a\000i\000s\000q\000u\000a\000r\000e\000d\000.\000p\000l\000a\000t\000f\000o\000r\000m\000\040\000p\000a\000c\000k\000a\000g\000e}{subsubsection.1.1.1.1}% 97
\BOOKMARK [5][-]{subparagraph*.411}{\376\377\000S\000u\000b\000m\000o\000d\000u\000l\000e\000s}{paragraph*.410}% 98
\BOOKMARK [5][-]{subparagraph*.412}{\376\377\000a\000i\000s\000q\000u\000a\000r\000e\000d\000.\000p\000l\000a\000t\000f\000o\000r\000m\000.\000A\000I\000S\000q\000u\000a\000r\000e\000d\000A\000P\000I\000E\000x\000c\000e\000p\000t\000i\000o\000n\000\040\000m\000o\000d\000u\000l\000e}{paragraph*.410}% 99
\BOOKMARK [5][-]{subparagraph*.414}{\376\377\000a\000i\000s\000q\000u\000a\000r\000e\000d\000.\000p\000l\000a\000t\000f\000o\000r\000m\000.\000A\000I\000S\000q\000u\000a\000r\000e\000d\000P\000l\000a\000t\000f\000o\000r\000m\000C\000l\000i\000e\000n\000t\000\040\000m\000o\000d\000u\000l\000e}{paragraph*.410}% 100
\BOOKMARK [5][-]{subparagraph*.456}{\376\377\000a\000i\000s\000q\000u\000a\000r\000e\000d\000.\000p\000l\000a\000t\000f\000o\000r\000m\000.\000D\000a\000t\000a\000b\000r\000i\000c\000k\000s\000A\000P\000I\000E\000x\000c\000e\000p\000t\000i\000o\000n\000\040\000m\000o\000d\000u\000l\000e}{paragraph*.410}% 101
\BOOKMARK [5][-]{subparagraph*.458}{\376\377\000a\000i\000s\000q\000u\000a\000r\000e\000d\000.\000p\000l\000a\000t\000f\000o\000r\000m\000.\000D\000a\000t\000a\000b\000r\000i\000c\000k\000s\000C\000l\000i\000e\000n\000t\000\040\000m\000o\000d\000u\000l\000e}{paragraph*.410}% 102
\BOOKMARK [5][-]{subparagraph*.484}{\376\377\000a\000i\000s\000q\000u\000a\000r\000e\000d\000.\000p\000l\000a\000t\000f\000o\000r\000m\000.\000N\000o\000R\000e\000s\000u\000l\000t\000s\000F\000o\000u\000n\000d\000E\000r\000r\000o\000r\000\040\000m\000o\000d\000u\000l\000e}{paragraph*.410}% 103
\BOOKMARK [5][-]{subparagraph*.486}{\376\377\000a\000i\000s\000q\000u\000a\000r\000e\000d\000.\000p\000l\000a\000t\000f\000o\000r\000m\000.\000a\000d\000d\000i\000t\000i\000o\000n\000a\000l\000\137\000u\000t\000i\000l\000s\000\040\000m\000o\000d\000u\000l\000e}{paragraph*.410}% 104
\BOOKMARK [5][-]{subparagraph*.487}{\376\377\000a\000i\000s\000q\000u\000a\000r\000e\000d\000.\000p\000l\000a\000t\000f\000o\000r\000m\000.\000c\000r\000u\000d\000l\000\040\000m\000o\000d\000u\000l\000e}{paragraph*.410}% 105
\BOOKMARK [5][-]{subparagraph*.488}{\376\377\000a\000i\000s\000q\000u\000a\000r\000e\000d\000.\000p\000l\000a\000t\000f\000o\000r\000m\000.\000f\000e\000e\000d\000b\000a\000c\000k\000\040\000m\000o\000d\000u\000l\000e}{paragraph*.410}% 106
\BOOKMARK [5][-]{subparagraph*.489}{\376\377\000a\000i\000s\000q\000u\000a\000r\000e\000d\000.\000p\000l\000a\000t\000f\000o\000r\000m\000.\000m\000e\000t\000r\000i\000c\000s\000\040\000m\000o\000d\000u\000l\000e}{paragraph*.410}% 107
\BOOKMARK [5][-]{subparagraph*.490}{\376\377\000a\000i\000s\000q\000u\000a\000r\000e\000d\000.\000p\000l\000a\000t\000f\000o\000r\000m\000.\000s\000h\000a\000r\000i\000n\000g\000\040\000m\000o\000d\000u\000l\000e}{paragraph*.410}% 108
\BOOKMARK [5][-]{subparagraph*.491}{\376\377\000a\000i\000s\000q\000u\000a\000r\000e\000d\000.\000p\000l\000a\000t\000f\000o\000r\000m\000.\000u\000s\000e\000r\000\137\000g\000r\000o\000u\000p\000\040\000m\000o\000d\000u\000l\000e}{paragraph*.410}% 109
\BOOKMARK [5][-]{subparagraph*.492}{\376\377\000M\000o\000d\000u\000l\000e\000\040\000c\000o\000n\000t\000e\000n\000t\000s}{paragraph*.410}% 110
\BOOKMARK [4][-]{paragraph*.493}{\376\377\000a\000i\000s\000q\000u\000a\000r\000e\000d\000.\000s\000e\000r\000v\000i\000n\000g\000\040\000p\000a\000c\000k\000a\000g\000e}{subsubsection.1.1.1.1}% 111
\BOOKMARK [5][-]{subparagraph*.494}{\376\377\000S\000u\000b\000m\000o\000d\000u\000l\000e\000s}{paragraph*.493}% 112
\BOOKMARK [5][-]{subparagraph*.495}{\376\377\000a\000i\000s\000q\000u\000a\000r\000e\000d\000.\000s\000e\000r\000v\000i\000n\000g\000.\000d\000e\000p\000l\000o\000y\000\137\000m\000o\000d\000e\000l\000\040\000m\000o\000d\000u\000l\000e}{paragraph*.493}% 113
\BOOKMARK [5][-]{subparagraph*.498}{\376\377\000a\000i\000s\000q\000u\000a\000r\000e\000d\000.\000s\000e\000r\000v\000i\000n\000g\000.\000g\000e\000t\000\137\000r\000e\000m\000o\000t\000e\000\137\000p\000r\000e\000d\000i\000c\000t\000i\000o\000n\000\040\000m\000o\000d\000u\000l\000e}{paragraph*.493}% 114
\BOOKMARK [5][-]{subparagraph*.500}{\376\377\000M\000o\000d\000u\000l\000e\000\040\000c\000o\000n\000t\000e\000n\000t\000s}{paragraph*.493}% 115
\BOOKMARK [4][-]{paragraph*.501}{\376\377\000a\000i\000s\000q\000u\000a\000r\000e\000d\000.\000u\000t\000i\000l\000s\000\040\000p\000a\000c\000k\000a\000g\000e}{subsubsection.1.1.1.1}% 116
\BOOKMARK [5][-]{subparagraph*.502}{\376\377\000S\000u\000b\000m\000o\000d\000u\000l\000e\000s}{paragraph*.501}% 117
\BOOKMARK [5][-]{subparagraph*.503}{\376\377\000a\000i\000s\000q\000u\000a\000r\000e\000d\000.\000u\000t\000i\000l\000s\000.\000u\000t\000i\000l\000s\000\040\000m\000o\000d\000u\000l\000e}{paragraph*.501}% 118
\BOOKMARK [5][-]{subparagraph*.506}{\376\377\000M\000o\000d\000u\000l\000e\000\040\000c\000o\000n\000t\000e\000n\000t\000s}{paragraph*.501}% 119
\BOOKMARK [3][-]{subsubsection.1.1.1.2}{\376\377\000M\000o\000d\000u\000l\000e\000\040\000c\000o\000n\000t\000e\000n\000t\000s}{subsection.1.1.1}% 120
\BOOKMARK [0][-]{chapter.2}{\376\377\000C\000h\000a\000n\000g\000e\000l\000o\000g}{}% 121
\BOOKMARK [0][-]{section*.507}{\376\377\000P\000y\000t\000h\000o\000n\000\040\000M\000o\000d\000u\000l\000e\000\040\000I\000n\000d\000e\000x}{}% 122
\BOOKMARK [0][-]{section*.508}{\376\377\000I\000n\000d\000e\000x}{}% 123
